{"/Users/mac/WorkSpace/weather-app/src/actions/actionTypes.js": {"path":"/Users/mac/WorkSpace/weather-app/src/actions/actionTypes.js","statementMap":{"0":{"start":{"line":1,"column":29},"end":{"line":1,"column":44}},"1":{"start":{"line":2,"column":28},"end":{"line":2,"column":42}},"2":{"start":{"line":3,"column":36},"end":{"line":3,"column":58}},"3":{"start":{"line":4,"column":38},"end":{"line":4,"column":62}}},"fnMap":{},"branchMap":{},"s":{"0":6,"1":6,"2":6,"3":6},"f":{},"b":{},"_coverageSchema":"43e27e138ebf9cfc5966b082cf9a028302ed4184","hash":"7445cdd98661aefdd9a0a5a32bbdd51e1a34c782"}
,"/Users/mac/WorkSpace/weather-app/src/actions/loadingActions.js": {"path":"/Users/mac/WorkSpace/weather-app/src/actions/loadingActions.js","statementMap":{"0":{"start":{"line":3,"column":28},"end":{"line":5,"column":1}},"1":{"start":{"line":4,"column":4},"end":{"line":4,"column":41}},"2":{"start":{"line":7,"column":27},"end":{"line":9,"column":1}},"3":{"start":{"line":8,"column":4},"end":{"line":8,"column":45}}},"fnMap":{"0":{"name":"(anonymous_0)","decl":{"start":{"line":3,"column":28},"end":{"line":3,"column":29}},"loc":{"start":{"line":3,"column":34},"end":{"line":5,"column":1}},"line":3},"1":{"name":"(anonymous_1)","decl":{"start":{"line":7,"column":27},"end":{"line":7,"column":28}},"loc":{"start":{"line":7,"column":43},"end":{"line":9,"column":1}},"line":7}},"branchMap":{"0":{"loc":{"start":{"line":7,"column":28},"end":{"line":7,"column":38}},"type":"default-arg","locations":[{"start":{"line":7,"column":34},"end":{"line":7,"column":38}}],"line":7}},"s":{"0":4,"1":3,"2":4,"3":2},"f":{"0":3,"1":2},"b":{"0":[1]},"_coverageSchema":"43e27e138ebf9cfc5966b082cf9a028302ed4184","hash":"fda74b1444d6f253ffe505d84d9bbd743ceee0ae"}
,"/Users/mac/WorkSpace/weather-app/src/actions/weatherActions.js": {"path":"/Users/mac/WorkSpace/weather-app/src/actions/weatherActions.js","statementMap":{"0":{"start":{"line":6,"column":4},"end":{"line":13,"column":6}},"1":{"start":{"line":7,"column":8},"end":{"line":7,"column":33}},"2":{"start":{"line":8,"column":8},"end":{"line":12,"column":11}},"3":{"start":{"line":9,"column":12},"end":{"line":9,"column":50}},"4":{"start":{"line":11,"column":12},"end":{"line":11,"column":39}},"5":{"start":{"line":17,"column":4},"end":{"line":17,"column":57}},"6":{"start":{"line":21,"column":4},"end":{"line":21,"column":85}}},"fnMap":{"0":{"name":"loadWeather","decl":{"start":{"line":5,"column":16},"end":{"line":5,"column":27}},"loc":{"start":{"line":5,"column":30},"end":{"line":14,"column":1}},"line":5},"1":{"name":"(anonymous_1)","decl":{"start":{"line":6,"column":11},"end":{"line":6,"column":12}},"loc":{"start":{"line":6,"column":25},"end":{"line":13,"column":5}},"line":6},"2":{"name":"(anonymous_2)","decl":{"start":{"line":8,"column":50},"end":{"line":8,"column":51}},"loc":{"start":{"line":8,"column":63},"end":{"line":10,"column":9}},"line":8},"3":{"name":"(anonymous_3)","decl":{"start":{"line":10,"column":17},"end":{"line":10,"column":18}},"loc":{"start":{"line":10,"column":26},"end":{"line":12,"column":9}},"line":10},"4":{"name":"loadWeatherSuccess","decl":{"start":{"line":16,"column":16},"end":{"line":16,"column":34}},"loc":{"start":{"line":16,"column":44},"end":{"line":18,"column":1}},"line":16},"5":{"name":"changeWeather","decl":{"start":{"line":20,"column":16},"end":{"line":20,"column":29}},"loc":{"start":{"line":20,"column":65},"end":{"line":22,"column":1}},"line":20}},"branchMap":{},"s":{"0":2,"1":2,"2":2,"3":1,"4":1,"5":2,"6":1},"f":{"0":2,"1":2,"2":1,"3":1,"4":2,"5":1},"b":{},"_coverageSchema":"43e27e138ebf9cfc5966b082cf9a028302ed4184","hash":"00ccc4d4bd8320ee5df7ea48002d24bcace503a4"}
,"/Users/mac/WorkSpace/weather-app/src/api/weatherApi.js": {"path":"/Users/mac/WorkSpace/weather-app/src/api/weatherApi.js","statementMap":{"0":{"start":{"line":1,"column":33},"end":{"line":1,"column":156}},"1":{"start":{"line":5,"column":8},"end":{"line":10,"column":42}},"2":{"start":{"line":6,"column":12},"end":{"line":9,"column":47}},"3":{"start":{"line":7,"column":28},"end":{"line":7,"column":39}},"4":{"start":{"line":8,"column":28},"end":{"line":8,"column":56}},"5":{"start":{"line":9,"column":31},"end":{"line":9,"column":43}},"6":{"start":{"line":10,"column":28},"end":{"line":10,"column":38}}},"fnMap":{"0":{"name":"(anonymous_0)","decl":{"start":{"line":4,"column":4},"end":{"line":4,"column":5}},"loc":{"start":{"line":4,"column":41},"end":{"line":11,"column":5}},"line":4},"1":{"name":"(anonymous_1)","decl":{"start":{"line":5,"column":27},"end":{"line":5,"column":28}},"loc":{"start":{"line":5,"column":48},"end":{"line":10,"column":9}},"line":5},"2":{"name":"(anonymous_2)","decl":{"start":{"line":7,"column":18},"end":{"line":7,"column":19}},"loc":{"start":{"line":7,"column":28},"end":{"line":7,"column":39}},"line":7},"3":{"name":"(anonymous_3)","decl":{"start":{"line":8,"column":18},"end":{"line":8,"column":19}},"loc":{"start":{"line":8,"column":28},"end":{"line":8,"column":56}},"line":8},"4":{"name":"(anonymous_4)","decl":{"start":{"line":9,"column":20},"end":{"line":9,"column":21}},"loc":{"start":{"line":9,"column":29},"end":{"line":9,"column":45}},"line":9},"5":{"name":"(anonymous_5)","decl":{"start":{"line":10,"column":17},"end":{"line":10,"column":18}},"loc":{"start":{"line":10,"column":26},"end":{"line":10,"column":40}},"line":10}},"branchMap":{},"s":{"0":5,"1":2,"2":2,"3":2,"4":1,"5":1,"6":1},"f":{"0":2,"1":2,"2":2,"3":1,"4":1,"5":1},"b":{},"_coverageSchema":"43e27e138ebf9cfc5966b082cf9a028302ed4184","hash":"5687f2eec7503f7aee0ff6782a2d2565f96d6130"}
,"/Users/mac/WorkSpace/weather-app/src/components/common/BarChart.jsx": {"path":"/Users/mac/WorkSpace/weather-app/src/components/common/BarChart.jsx","statementMap":{"0":{"start":{"line":9,"column":8},"end":{"line":9,"column":21}},"1":{"start":{"line":14,"column":24},"end":{"line":34,"column":9}},"2":{"start":{"line":36,"column":8},"end":{"line":41,"column":10}},"3":{"start":{"line":45,"column":0},"end":{"line":50,"column":2}}},"fnMap":{"0":{"name":"(anonymous_0)","decl":{"start":{"line":8,"column":4},"end":{"line":8,"column":5}},"loc":{"start":{"line":8,"column":23},"end":{"line":11,"column":5}},"line":8},"1":{"name":"(anonymous_1)","decl":{"start":{"line":13,"column":4},"end":{"line":13,"column":5}},"loc":{"start":{"line":13,"column":13},"end":{"line":42,"column":5}},"line":13}},"branchMap":{"0":{"loc":{"start":{"line":16,"column":27},"end":{"line":16,"column":49}},"type":"binary-expr","locations":[{"start":{"line":16,"column":27},"end":{"line":16,"column":43}},{"start":{"line":16,"column":47},"end":{"line":16,"column":49}}],"line":16},"1":{"loc":{"start":{"line":24,"column":24},"end":{"line":24,"column":46}},"type":"binary-expr","locations":[{"start":{"line":24,"column":24},"end":{"line":24,"column":40}},{"start":{"line":24,"column":44},"end":{"line":24,"column":46}}],"line":24}},"s":{"0":1,"1":1,"2":1,"3":2},"f":{"0":1,"1":1},"b":{"0":[1,0],"1":[1,0]},"_coverageSchema":"43e27e138ebf9cfc5966b082cf9a028302ed4184","hash":"5983eb1624f2fa18739c6af5bd94e66cbd51f054"}
,"/Users/mac/WorkSpace/weather-app/src/components/common/LeftArrow.jsx": {"path":"/Users/mac/WorkSpace/weather-app/src/components/common/LeftArrow.jsx","statementMap":{"0":{"start":{"line":7,"column":8},"end":{"line":7,"column":21}},"1":{"start":{"line":11,"column":21},"end":{"line":11,"column":42}},"2":{"start":{"line":12,"column":22},"end":{"line":12,"column":75}},"3":{"start":{"line":13,"column":24},"end":{"line":13,"column":50}},"4":{"start":{"line":15,"column":8},"end":{"line":19,"column":10}},"5":{"start":{"line":23,"column":0},"end":{"line":27,"column":2}}},"fnMap":{"0":{"name":"(anonymous_0)","decl":{"start":{"line":6,"column":4},"end":{"line":6,"column":5}},"loc":{"start":{"line":6,"column":23},"end":{"line":8,"column":5}},"line":6},"1":{"name":"(anonymous_1)","decl":{"start":{"line":10,"column":4},"end":{"line":10,"column":5}},"loc":{"start":{"line":10,"column":13},"end":{"line":20,"column":5}},"line":10}},"branchMap":{"0":{"loc":{"start":{"line":11,"column":21},"end":{"line":11,"column":42}},"type":"binary-expr","locations":[{"start":{"line":11,"column":21},"end":{"line":11,"column":36}},{"start":{"line":11,"column":40},"end":{"line":11,"column":42}}],"line":11},"1":{"loc":{"start":{"line":12,"column":22},"end":{"line":12,"column":75}},"type":"cond-expr","locations":[{"start":{"line":12,"column":54},"end":{"line":12,"column":63}},{"start":{"line":12,"column":66},"end":{"line":12,"column":75}}],"line":12},"2":{"loc":{"start":{"line":12,"column":22},"end":{"line":12,"column":51}},"type":"binary-expr","locations":[{"start":{"line":12,"column":22},"end":{"line":12,"column":42}},{"start":{"line":12,"column":46},"end":{"line":12,"column":51}}],"line":12},"3":{"loc":{"start":{"line":13,"column":24},"end":{"line":13,"column":50}},"type":"binary-expr","locations":[{"start":{"line":13,"column":24},"end":{"line":13,"column":42}},{"start":{"line":13,"column":46},"end":{"line":13,"column":50}}],"line":13}},"s":{"0":6,"1":6,"2":6,"3":6,"4":6,"5":3},"f":{"0":6,"1":6},"b":{"0":[6,5],"1":[2,4],"2":[6,4],"3":[6,5]},"_coverageSchema":"43e27e138ebf9cfc5966b082cf9a028302ed4184","hash":"760f8611f84455e55db877cd782a4d2ad7fa4b4a"}
,"/Users/mac/WorkSpace/weather-app/src/components/common/Loading.jsx": {"path":"/Users/mac/WorkSpace/weather-app/src/components/common/Loading.jsx","statementMap":{"0":{"start":{"line":7,"column":8},"end":{"line":7,"column":21}},"1":{"start":{"line":9,"column":8},"end":{"line":9,"column":43}},"2":{"start":{"line":10,"column":8},"end":{"line":10,"column":28}},"3":{"start":{"line":11,"column":8},"end":{"line":13,"column":10}},"4":{"start":{"line":17,"column":8},"end":{"line":17,"column":56}},"5":{"start":{"line":21,"column":8},"end":{"line":21,"column":39}},"6":{"start":{"line":25,"column":8},"end":{"line":33,"column":9}},"7":{"start":{"line":26,"column":31},"end":{"line":26,"column":58}},"8":{"start":{"line":27,"column":12},"end":{"line":29,"column":13}},"9":{"start":{"line":28,"column":16},"end":{"line":28,"column":33}},"10":{"start":{"line":30,"column":12},"end":{"line":32,"column":15}},"11":{"start":{"line":37,"column":20},"end":{"line":41,"column":9}},"12":{"start":{"line":42,"column":8},"end":{"line":42,"column":33}},"13":{"start":{"line":46,"column":24},"end":{"line":46,"column":42}},"14":{"start":{"line":47,"column":8},"end":{"line":47,"column":36}},"15":{"start":{"line":51,"column":29},"end":{"line":51,"column":52}},"16":{"start":{"line":52,"column":8},"end":{"line":54,"column":10}},"17":{"start":{"line":58,"column":0},"end":{"line":60,"column":2}}},"fnMap":{"0":{"name":"(anonymous_0)","decl":{"start":{"line":6,"column":4},"end":{"line":6,"column":5}},"loc":{"start":{"line":6,"column":23},"end":{"line":14,"column":5}},"line":6},"1":{"name":"(anonymous_1)","decl":{"start":{"line":16,"column":4},"end":{"line":16,"column":5}},"loc":{"start":{"line":16,"column":24},"end":{"line":18,"column":5}},"line":16},"2":{"name":"(anonymous_2)","decl":{"start":{"line":20,"column":4},"end":{"line":20,"column":5}},"loc":{"start":{"line":20,"column":26},"end":{"line":22,"column":5}},"line":20},"3":{"name":"(anonymous_3)","decl":{"start":{"line":24,"column":4},"end":{"line":24,"column":5}},"loc":{"start":{"line":24,"column":12},"end":{"line":34,"column":5}},"line":24},"4":{"name":"(anonymous_4)","decl":{"start":{"line":36,"column":4},"end":{"line":36,"column":5}},"loc":{"start":{"line":36,"column":18},"end":{"line":43,"column":5}},"line":36},"5":{"name":"(anonymous_5)","decl":{"start":{"line":45,"column":4},"end":{"line":45,"column":5}},"loc":{"start":{"line":45,"column":29},"end":{"line":48,"column":5}},"line":45},"6":{"name":"(anonymous_6)","decl":{"start":{"line":50,"column":4},"end":{"line":50,"column":5}},"loc":{"start":{"line":50,"column":13},"end":{"line":55,"column":5}},"line":50}},"branchMap":{"0":{"loc":{"start":{"line":25,"column":8},"end":{"line":33,"column":9}},"type":"if","locations":[{"start":{"line":25,"column":8},"end":{"line":33,"column":9}},{"start":{"line":25,"column":8},"end":{"line":33,"column":9}}],"line":25},"1":{"loc":{"start":{"line":27,"column":12},"end":{"line":29,"column":13}},"type":"if","locations":[{"start":{"line":27,"column":12},"end":{"line":29,"column":13}},{"start":{"line":27,"column":12},"end":{"line":29,"column":13}}],"line":27},"2":{"loc":{"start":{"line":42,"column":15},"end":{"line":42,"column":32}},"type":"binary-expr","locations":[{"start":{"line":42,"column":15},"end":{"line":42,"column":25}},{"start":{"line":42,"column":29},"end":{"line":42,"column":32}}],"line":42},"3":{"loc":{"start":{"line":53,"column":12},"end":{"line":53,"column":74}},"type":"binary-expr","locations":[{"start":{"line":53,"column":12},"end":{"line":53,"column":34}},{"start":{"line":53,"column":38},"end":{"line":53,"column":74}}],"line":53}},"s":{"0":8,"1":8,"2":8,"3":8,"4":8,"5":1,"6":2,"7":2,"8":2,"9":1,"10":2,"11":12,"12":12,"13":12,"14":12,"15":15,"16":15,"17":2},"f":{"0":8,"1":8,"2":1,"3":2,"4":12,"5":12,"6":15},"b":{"0":[2,0],"1":[1,1],"2":[12,1],"3":[15,12]},"_coverageSchema":"43e27e138ebf9cfc5966b082cf9a028302ed4184","hash":"8a72264e4ff064b74f69d37ede309bb433493633"}
,"/Users/mac/WorkSpace/weather-app/src/components/common/RightArrow.jsx": {"path":"/Users/mac/WorkSpace/weather-app/src/components/common/RightArrow.jsx","statementMap":{"0":{"start":{"line":8,"column":8},"end":{"line":8,"column":21}},"1":{"start":{"line":12,"column":21},"end":{"line":12,"column":42}},"2":{"start":{"line":13,"column":22},"end":{"line":13,"column":75}},"3":{"start":{"line":14,"column":24},"end":{"line":14,"column":50}},"4":{"start":{"line":15,"column":8},"end":{"line":19,"column":10}},"5":{"start":{"line":23,"column":0},"end":{"line":27,"column":2}}},"fnMap":{"0":{"name":"(anonymous_0)","decl":{"start":{"line":7,"column":4},"end":{"line":7,"column":5}},"loc":{"start":{"line":7,"column":23},"end":{"line":9,"column":5}},"line":7},"1":{"name":"(anonymous_1)","decl":{"start":{"line":11,"column":4},"end":{"line":11,"column":5}},"loc":{"start":{"line":11,"column":13},"end":{"line":20,"column":5}},"line":11}},"branchMap":{"0":{"loc":{"start":{"line":12,"column":21},"end":{"line":12,"column":42}},"type":"binary-expr","locations":[{"start":{"line":12,"column":21},"end":{"line":12,"column":36}},{"start":{"line":12,"column":40},"end":{"line":12,"column":42}}],"line":12},"1":{"loc":{"start":{"line":13,"column":22},"end":{"line":13,"column":75}},"type":"cond-expr","locations":[{"start":{"line":13,"column":54},"end":{"line":13,"column":63}},{"start":{"line":13,"column":66},"end":{"line":13,"column":75}}],"line":13},"2":{"loc":{"start":{"line":13,"column":22},"end":{"line":13,"column":51}},"type":"binary-expr","locations":[{"start":{"line":13,"column":22},"end":{"line":13,"column":42}},{"start":{"line":13,"column":46},"end":{"line":13,"column":51}}],"line":13},"3":{"loc":{"start":{"line":14,"column":24},"end":{"line":14,"column":50}},"type":"binary-expr","locations":[{"start":{"line":14,"column":24},"end":{"line":14,"column":42}},{"start":{"line":14,"column":46},"end":{"line":14,"column":50}}],"line":14}},"s":{"0":6,"1":6,"2":6,"3":6,"4":6,"5":3},"f":{"0":6,"1":6},"b":{"0":[6,5],"1":[2,4],"2":[6,4],"3":[6,5]},"_coverageSchema":"43e27e138ebf9cfc5966b082cf9a028302ed4184","hash":"71a27b18852c4703e9682e53c9ac156b9dc315b7"}
,"/Users/mac/WorkSpace/weather-app/src/components/loading/LoadingScreen.jsx": {"path":"/Users/mac/WorkSpace/weather-app/src/components/loading/LoadingScreen.jsx","statementMap":{"0":{"start":{"line":11,"column":24},"end":{"line":15,"column":1}},"1":{"start":{"line":12,"column":4},"end":{"line":14,"column":6}},"2":{"start":{"line":17,"column":27},"end":{"line":21,"column":1}},"3":{"start":{"line":18,"column":4},"end":{"line":20,"column":6}},"4":{"start":{"line":26,"column":8},"end":{"line":26,"column":30}},"5":{"start":{"line":30,"column":8},"end":{"line":32,"column":11}},"6":{"start":{"line":31,"column":12},"end":{"line":31,"column":39}},"7":{"start":{"line":36,"column":8},"end":{"line":36,"column":50}},"8":{"start":{"line":40,"column":8},"end":{"line":52,"column":10}},"9":{"start":{"line":56,"column":0},"end":{"line":60,"column":2}}},"fnMap":{"0":{"name":"(anonymous_0)","decl":{"start":{"line":11,"column":24},"end":{"line":11,"column":25}},"loc":{"start":{"line":11,"column":35},"end":{"line":15,"column":1}},"line":11},"1":{"name":"(anonymous_1)","decl":{"start":{"line":17,"column":27},"end":{"line":17,"column":28}},"loc":{"start":{"line":17,"column":41},"end":{"line":21,"column":1}},"line":17},"2":{"name":"(anonymous_2)","decl":{"start":{"line":25,"column":4},"end":{"line":25,"column":5}},"loc":{"start":{"line":25,"column":32},"end":{"line":27,"column":5}},"line":25},"3":{"name":"(anonymous_3)","decl":{"start":{"line":29,"column":4},"end":{"line":29,"column":5}},"loc":{"start":{"line":29,"column":24},"end":{"line":33,"column":5}},"line":29},"4":{"name":"(anonymous_4)","decl":{"start":{"line":30,"column":46},"end":{"line":30,"column":47}},"loc":{"start":{"line":30,"column":52},"end":{"line":32,"column":9}},"line":30},"5":{"name":"(anonymous_5)","decl":{"start":{"line":35,"column":4},"end":{"line":35,"column":5}},"loc":{"start":{"line":35,"column":26},"end":{"line":37,"column":5}},"line":35},"6":{"name":"(anonymous_6)","decl":{"start":{"line":39,"column":4},"end":{"line":39,"column":5}},"loc":{"start":{"line":39,"column":13},"end":{"line":53,"column":5}},"line":39}},"branchMap":{"0":{"loc":{"start":{"line":49,"column":22},"end":{"line":49,"column":101}},"type":"binary-expr","locations":[{"start":{"line":49,"column":22},"end":{"line":49,"column":40}},{"start":{"line":49,"column":44},"end":{"line":49,"column":84}},{"start":{"line":49,"column":88},"end":{"line":49,"column":101}}],"line":49}},"s":{"0":1,"1":0,"2":1,"3":0,"4":2,"5":2,"6":2,"7":2,"8":2,"9":1},"f":{"0":0,"1":0,"2":2,"3":2,"4":2,"5":2,"6":2},"b":{"0":[2,0,2]},"_coverageSchema":"43e27e138ebf9cfc5966b082cf9a028302ed4184","hash":"cdbc8f0978bab2d17dfdb90c0c810a9a5f581907"}
,"/Users/mac/WorkSpace/weather-app/src/components/weather/TempSwitch.jsx": {"path":"/Users/mac/WorkSpace/weather-app/src/components/weather/TempSwitch.jsx","statementMap":{"0":{"start":{"line":12,"column":8},"end":{"line":12,"column":21}},"1":{"start":{"line":16,"column":8},"end":{"line":46,"column":10}},"2":{"start":{"line":50,"column":0},"end":{"line":53,"column":2}}},"fnMap":{"0":{"name":"(anonymous_0)","decl":{"start":{"line":11,"column":4},"end":{"line":11,"column":5}},"loc":{"start":{"line":11,"column":23},"end":{"line":13,"column":5}},"line":11},"1":{"name":"(anonymous_1)","decl":{"start":{"line":15,"column":4},"end":{"line":15,"column":5}},"loc":{"start":{"line":15,"column":13},"end":{"line":47,"column":5}},"line":15}},"branchMap":{},"s":{"0":2,"1":2,"2":2},"f":{"0":2,"1":2},"b":{},"_coverageSchema":"43e27e138ebf9cfc5966b082cf9a028302ed4184","hash":"3db7d6d2e58991339024b4f5bd27352fd98177a3"}
,"/Users/mac/WorkSpace/weather-app/src/components/weather/WeatherCard.jsx": {"path":"/Users/mac/WorkSpace/weather-app/src/components/weather/WeatherCard.jsx","statementMap":{"0":{"start":{"line":10,"column":18},"end":{"line":22,"column":3}},"1":{"start":{"line":10,"column":41},"end":{"line":22,"column":1}},"2":{"start":{"line":25,"column":18},"end":{"line":25,"column":29}},"3":{"start":{"line":26,"column":70},"end":{"line":26,"column":77}},"4":{"start":{"line":27,"column":2},"end":{"line":44,"column":4}},"5":{"start":{"line":47,"column":0},"end":{"line":54,"column":2}}},"fnMap":{"0":{"name":"(anonymous_0)","decl":{"start":{"line":10,"column":29},"end":{"line":10,"column":30}},"loc":{"start":{"line":10,"column":41},"end":{"line":22,"column":1}},"line":10},"1":{"name":"WeatherCard","decl":{"start":{"line":24,"column":24},"end":{"line":24,"column":35}},"loc":{"start":{"line":24,"column":45},"end":{"line":45,"column":1}},"line":24}},"branchMap":{"0":{"loc":{"start":{"line":31,"column":11},"end":{"line":31,"column":21}},"type":"binary-expr","locations":[{"start":{"line":31,"column":11},"end":{"line":31,"column":15}},{"start":{"line":31,"column":19},"end":{"line":31,"column":21}}],"line":31}},"s":{"0":4,"1":1,"2":2,"3":2,"4":2,"5":4},"f":{"0":1,"1":2},"b":{"0":[2,1]},"_coverageSchema":"43e27e138ebf9cfc5966b082cf9a028302ed4184","hash":"6303b2031800122d9925f508d6868bac79b075f3"}
,"/Users/mac/WorkSpace/weather-app/src/components/weather/WeatherCardList.jsx": {"path":"/Users/mac/WorkSpace/weather-app/src/components/weather/WeatherCardList.jsx","statementMap":{"0":{"start":{"line":5,"column":31},"end":{"line":30,"column":1}},"1":{"start":{"line":6,"column":17},"end":{"line":6,"column":22}},"2":{"start":{"line":7,"column":23},"end":{"line":7,"column":25}},"3":{"start":{"line":8,"column":16},"end":{"line":8,"column":17}},"4":{"start":{"line":9,"column":4},"end":{"line":15,"column":5}},"5":{"start":{"line":9,"column":21},"end":{"line":9,"column":31}},"6":{"start":{"line":10,"column":8},"end":{"line":12,"column":9}},"7":{"start":{"line":11,"column":12},"end":{"line":11,"column":18}},"8":{"start":{"line":13,"column":8},"end":{"line":13,"column":37}},"9":{"start":{"line":14,"column":8},"end":{"line":14,"column":19}},"10":{"start":{"line":16,"column":4},"end":{"line":29,"column":6}},"11":{"start":{"line":19,"column":16},"end":{"line":26,"column":27}},"12":{"start":{"line":32,"column":0},"end":{"line":37,"column":2}}},"fnMap":{"0":{"name":"(anonymous_0)","decl":{"start":{"line":5,"column":31},"end":{"line":5,"column":32}},"loc":{"start":{"line":5,"column":85},"end":{"line":30,"column":1}},"line":5},"1":{"name":"(anonymous_1)","decl":{"start":{"line":18,"column":28},"end":{"line":18,"column":29}},"loc":{"start":{"line":18,"column":48},"end":{"line":27,"column":13}},"line":18}},"branchMap":{"0":{"loc":{"start":{"line":10,"column":8},"end":{"line":12,"column":9}},"type":"if","locations":[{"start":{"line":10,"column":8},"end":{"line":12,"column":9}},{"start":{"line":10,"column":8},"end":{"line":12,"column":9}}],"line":10}},"s":{"0":3,"1":2,"2":2,"3":2,"4":2,"5":2,"6":8,"7":2,"8":6,"9":6,"10":2,"11":6,"12":3},"f":{"0":2,"1":6},"b":{"0":[2,6]},"_coverageSchema":"43e27e138ebf9cfc5966b082cf9a028302ed4184","hash":"159daade466b11009cd92b2b687d2b96a34d0f3e"}
,"/Users/mac/WorkSpace/weather-app/src/components/weather/WeatherInfo.jsx": {"path":"/Users/mac/WorkSpace/weather-app/src/components/weather/WeatherInfo.jsx","statementMap":{"0":{"start":{"line":10,"column":8},"end":{"line":10,"column":21}},"1":{"start":{"line":14,"column":8},"end":{"line":39,"column":10}},"2":{"start":{"line":43,"column":0},"end":{"line":52,"column":2}}},"fnMap":{"0":{"name":"(anonymous_0)","decl":{"start":{"line":9,"column":4},"end":{"line":9,"column":5}},"loc":{"start":{"line":9,"column":23},"end":{"line":11,"column":5}},"line":9},"1":{"name":"(anonymous_1)","decl":{"start":{"line":13,"column":4},"end":{"line":13,"column":5}},"loc":{"start":{"line":13,"column":13},"end":{"line":40,"column":5}},"line":13}},"branchMap":{"0":{"loc":{"start":{"line":21,"column":37},"end":{"line":21,"column":88}},"type":"cond-expr","locations":[{"start":{"line":21,"column":64},"end":{"line":21,"column":81}},{"start":{"line":21,"column":84},"end":{"line":21,"column":88}}],"line":21},"1":{"loc":{"start":{"line":28,"column":37},"end":{"line":28,"column":88}},"type":"cond-expr","locations":[{"start":{"line":28,"column":64},"end":{"line":28,"column":81}},{"start":{"line":28,"column":84},"end":{"line":28,"column":88}}],"line":28}},"s":{"0":4,"1":4,"2":2},"f":{"0":4,"1":4},"b":{"0":[1,3],"1":[3,1]},"_coverageSchema":"43e27e138ebf9cfc5966b082cf9a028302ed4184","hash":"0febc91db9db3dc19089a7497e1e777eedb59d5d"}
,"/Users/mac/WorkSpace/weather-app/src/components/weather/WeatherScreen.jsx": {"path":"/Users/mac/WorkSpace/weather-app/src/components/weather/WeatherScreen.jsx","statementMap":{"0":{"start":{"line":13,"column":24},"end":{"line":20,"column":1}},"1":{"start":{"line":14,"column":4},"end":{"line":19,"column":6}},"2":{"start":{"line":22,"column":27},"end":{"line":26,"column":1}},"3":{"start":{"line":23,"column":4},"end":{"line":25,"column":6}},"4":{"start":{"line":31,"column":8},"end":{"line":31,"column":21}},"5":{"start":{"line":33,"column":8},"end":{"line":44,"column":10}},"6":{"start":{"line":46,"column":8},"end":{"line":46,"column":57}},"7":{"start":{"line":47,"column":8},"end":{"line":47,"column":51}},"8":{"start":{"line":48,"column":8},"end":{"line":48,"column":51}},"9":{"start":{"line":50,"column":8},"end":{"line":53,"column":10}},"10":{"start":{"line":50,"column":26},"end":{"line":53,"column":9}},"11":{"start":{"line":51,"column":12},"end":{"line":51,"column":32}},"12":{"start":{"line":52,"column":12},"end":{"line":52,"column":29}},"13":{"start":{"line":55,"column":8},"end":{"line":58,"column":10}},"14":{"start":{"line":55,"column":26},"end":{"line":58,"column":9}},"15":{"start":{"line":56,"column":12},"end":{"line":56,"column":32}},"16":{"start":{"line":57,"column":12},"end":{"line":57,"column":29}},"17":{"start":{"line":60,"column":8},"end":{"line":63,"column":10}},"18":{"start":{"line":60,"column":40},"end":{"line":63,"column":9}},"19":{"start":{"line":61,"column":26},"end":{"line":61,"column":75}},"20":{"start":{"line":61,"column":60},"end":{"line":61,"column":74}},"21":{"start":{"line":62,"column":12},"end":{"line":62,"column":41}},"22":{"start":{"line":67,"column":8},"end":{"line":71,"column":9}},"23":{"start":{"line":68,"column":12},"end":{"line":70,"column":14}},"24":{"start":{"line":72,"column":8},"end":{"line":72,"column":20}},"25":{"start":{"line":76,"column":20},"end":{"line":76,"column":22}},"26":{"start":{"line":77,"column":8},"end":{"line":86,"column":9}},"27":{"start":{"line":78,"column":12},"end":{"line":82,"column":15}},"28":{"start":{"line":80,"column":16},"end":{"line":80,"column":54}},"29":{"start":{"line":81,"column":16},"end":{"line":81,"column":40}},"30":{"start":{"line":84,"column":12},"end":{"line":84,"column":44}},"31":{"start":{"line":85,"column":12},"end":{"line":85,"column":36}},"32":{"start":{"line":90,"column":8},"end":{"line":93,"column":9}},"33":{"start":{"line":91,"column":26},"end":{"line":91,"column":103}},"34":{"start":{"line":91,"column":60},"end":{"line":91,"column":102}},"35":{"start":{"line":92,"column":12},"end":{"line":92,"column":69}},"36":{"start":{"line":97,"column":19},"end":{"line":97,"column":21}},"37":{"start":{"line":97,"column":34},"end":{"line":97,"column":36}},"38":{"start":{"line":97,"column":47},"end":{"line":97,"column":49}},"39":{"start":{"line":98,"column":8},"end":{"line":104,"column":9}},"40":{"start":{"line":99,"column":12},"end":{"line":103,"column":15}},"41":{"start":{"line":100,"column":35},"end":{"line":100,"column":75}},"42":{"start":{"line":100,"column":45},"end":{"line":100,"column":75}},"43":{"start":{"line":101,"column":16},"end":{"line":101,"column":47}},"44":{"start":{"line":102,"column":16},"end":{"line":102,"column":50}},"45":{"start":{"line":105,"column":8},"end":{"line":108,"column":11}},"46":{"start":{"line":109,"column":8},"end":{"line":116,"column":11}},"47":{"start":{"line":120,"column":8},"end":{"line":120,"column":94}},"48":{"start":{"line":124,"column":18},"end":{"line":124,"column":61}},"49":{"start":{"line":125,"column":8},"end":{"line":127,"column":9}},"50":{"start":{"line":126,"column":12},"end":{"line":126,"column":20}},"51":{"start":{"line":128,"column":8},"end":{"line":130,"column":11}},"52":{"start":{"line":134,"column":18},"end":{"line":134,"column":61}},"53":{"start":{"line":135,"column":8},"end":{"line":137,"column":9}},"54":{"start":{"line":136,"column":12},"end":{"line":136,"column":40}},"55":{"start":{"line":138,"column":8},"end":{"line":140,"column":11}},"56":{"start":{"line":144,"column":24},"end":{"line":144,"column":29}},"57":{"start":{"line":145,"column":8},"end":{"line":149,"column":9}},"58":{"start":{"line":146,"column":12},"end":{"line":148,"column":13}},"59":{"start":{"line":147,"column":16},"end":{"line":147,"column":33}},"60":{"start":{"line":150,"column":8},"end":{"line":153,"column":9}},"61":{"start":{"line":151,"column":12},"end":{"line":152,"column":29}},"62":{"start":{"line":152,"column":12},"end":{"line":152,"column":29}},"63":{"start":{"line":154,"column":8},"end":{"line":154,"column":25}},"64":{"start":{"line":159,"column":30},"end":{"line":159,"column":52}},"65":{"start":{"line":160,"column":30},"end":{"line":160,"column":52}},"66":{"start":{"line":162,"column":8},"end":{"line":191,"column":10}},"67":{"start":{"line":195,"column":0},"end":{"line":201,"column":2}}},"fnMap":{"0":{"name":"(anonymous_0)","decl":{"start":{"line":13,"column":24},"end":{"line":13,"column":25}},"loc":{"start":{"line":13,"column":35},"end":{"line":20,"column":1}},"line":13},"1":{"name":"(anonymous_1)","decl":{"start":{"line":22,"column":27},"end":{"line":22,"column":28}},"loc":{"start":{"line":22,"column":41},"end":{"line":26,"column":1}},"line":22},"2":{"name":"(anonymous_2)","decl":{"start":{"line":30,"column":4},"end":{"line":30,"column":5}},"loc":{"start":{"line":30,"column":23},"end":{"line":64,"column":5}},"line":30},"3":{"name":"(anonymous_3)","decl":{"start":{"line":50,"column":20},"end":{"line":50,"column":21}},"loc":{"start":{"line":50,"column":26},"end":{"line":53,"column":9}},"line":50},"4":{"name":"(anonymous_4)","decl":{"start":{"line":50,"column":26},"end":{"line":50,"column":27}},"loc":{"start":{"line":50,"column":34},"end":{"line":53,"column":9}},"line":50},"5":{"name":"(anonymous_5)","decl":{"start":{"line":55,"column":20},"end":{"line":55,"column":21}},"loc":{"start":{"line":55,"column":26},"end":{"line":58,"column":9}},"line":55},"6":{"name":"(anonymous_6)","decl":{"start":{"line":55,"column":26},"end":{"line":55,"column":27}},"loc":{"start":{"line":55,"column":34},"end":{"line":58,"column":9}},"line":55},"7":{"name":"(anonymous_7)","decl":{"start":{"line":60,"column":31},"end":{"line":60,"column":32}},"loc":{"start":{"line":60,"column":40},"end":{"line":63,"column":9}},"line":60},"8":{"name":"(anonymous_8)","decl":{"start":{"line":60,"column":40},"end":{"line":60,"column":41}},"loc":{"start":{"line":60,"column":48},"end":{"line":63,"column":9}},"line":60},"9":{"name":"(anonymous_9)","decl":{"start":{"line":61,"column":52},"end":{"line":61,"column":53}},"loc":{"start":{"line":61,"column":60},"end":{"line":61,"column":74}},"line":61},"10":{"name":"(anonymous_10)","decl":{"start":{"line":66,"column":4},"end":{"line":66,"column":5}},"loc":{"start":{"line":66,"column":50},"end":{"line":73,"column":5}},"line":66},"11":{"name":"(anonymous_11)","decl":{"start":{"line":75,"column":4},"end":{"line":75,"column":5}},"loc":{"start":{"line":75,"column":24},"end":{"line":87,"column":5}},"line":75},"12":{"name":"(anonymous_12)","decl":{"start":{"line":79,"column":18},"end":{"line":79,"column":19}},"loc":{"start":{"line":79,"column":24},"end":{"line":82,"column":13}},"line":79},"13":{"name":"(anonymous_13)","decl":{"start":{"line":89,"column":4},"end":{"line":89,"column":5}},"loc":{"start":{"line":89,"column":34},"end":{"line":94,"column":5}},"line":89},"14":{"name":"(anonymous_14)","decl":{"start":{"line":91,"column":52},"end":{"line":91,"column":53}},"loc":{"start":{"line":91,"column":60},"end":{"line":91,"column":102}},"line":91},"15":{"name":"(anonymous_15)","decl":{"start":{"line":96,"column":4},"end":{"line":96,"column":5}},"loc":{"start":{"line":96,"column":32},"end":{"line":117,"column":5}},"line":96},"16":{"name":"(anonymous_16)","decl":{"start":{"line":99,"column":38},"end":{"line":99,"column":39}},"loc":{"start":{"line":99,"column":45},"end":{"line":103,"column":13}},"line":99},"17":{"name":"(anonymous_17)","decl":{"start":{"line":100,"column":35},"end":{"line":100,"column":36}},"loc":{"start":{"line":100,"column":45},"end":{"line":100,"column":75}},"line":100},"18":{"name":"(anonymous_18)","decl":{"start":{"line":119,"column":4},"end":{"line":119,"column":5}},"loc":{"start":{"line":119,"column":24},"end":{"line":121,"column":5}},"line":119},"19":{"name":"(anonymous_19)","decl":{"start":{"line":123,"column":4},"end":{"line":123,"column":5}},"loc":{"start":{"line":123,"column":16},"end":{"line":131,"column":5}},"line":123},"20":{"name":"(anonymous_20)","decl":{"start":{"line":133,"column":4},"end":{"line":133,"column":5}},"loc":{"start":{"line":133,"column":16},"end":{"line":141,"column":5}},"line":133},"21":{"name":"(anonymous_21)","decl":{"start":{"line":143,"column":4},"end":{"line":143,"column":5}},"loc":{"start":{"line":143,"column":20},"end":{"line":155,"column":5}},"line":143},"22":{"name":"(anonymous_22)","decl":{"start":{"line":157,"column":4},"end":{"line":157,"column":5}},"loc":{"start":{"line":157,"column":13},"end":{"line":192,"column":5}},"line":157}},"branchMap":{"0":{"loc":{"start":{"line":16,"column":19},"end":{"line":16,"column":116}},"type":"cond-expr","locations":[{"start":{"line":16,"column":75},"end":{"line":16,"column":94}},{"start":{"line":16,"column":97},"end":{"line":16,"column":116}}],"line":16},"1":{"loc":{"start":{"line":67,"column":8},"end":{"line":71,"column":9}},"type":"if","locations":[{"start":{"line":67,"column":8},"end":{"line":71,"column":9}},{"start":{"line":67,"column":8},"end":{"line":71,"column":9}}],"line":67},"2":{"loc":{"start":{"line":77,"column":8},"end":{"line":86,"column":9}},"type":"if","locations":[{"start":{"line":77,"column":8},"end":{"line":86,"column":9}},{"start":{"line":77,"column":8},"end":{"line":86,"column":9}}],"line":77},"3":{"loc":{"start":{"line":80,"column":24},"end":{"line":80,"column":53}},"type":"binary-expr","locations":[{"start":{"line":80,"column":24},"end":{"line":80,"column":47}},{"start":{"line":80,"column":51},"end":{"line":80,"column":53}}],"line":80},"4":{"loc":{"start":{"line":90,"column":8},"end":{"line":93,"column":9}},"type":"if","locations":[{"start":{"line":90,"column":8},"end":{"line":93,"column":9}},{"start":{"line":90,"column":8},"end":{"line":93,"column":9}}],"line":90},"5":{"loc":{"start":{"line":96,"column":23},"end":{"line":96,"column":30}},"type":"default-arg","locations":[{"start":{"line":96,"column":29},"end":{"line":96,"column":30}}],"line":96},"6":{"loc":{"start":{"line":98,"column":8},"end":{"line":104,"column":9}},"type":"if","locations":[{"start":{"line":98,"column":8},"end":{"line":104,"column":9}},{"start":{"line":98,"column":8},"end":{"line":104,"column":9}}],"line":98},"7":{"loc":{"start":{"line":125,"column":8},"end":{"line":127,"column":9}},"type":"if","locations":[{"start":{"line":125,"column":8},"end":{"line":127,"column":9}},{"start":{"line":125,"column":8},"end":{"line":127,"column":9}}],"line":125},"8":{"loc":{"start":{"line":135,"column":8},"end":{"line":137,"column":9}},"type":"if","locations":[{"start":{"line":135,"column":8},"end":{"line":137,"column":9}},{"start":{"line":135,"column":8},"end":{"line":137,"column":9}}],"line":135},"9":{"loc":{"start":{"line":145,"column":8},"end":{"line":149,"column":9}},"type":"if","locations":[{"start":{"line":145,"column":8},"end":{"line":149,"column":9}},{"start":{"line":145,"column":8},"end":{"line":149,"column":9}}],"line":145},"10":{"loc":{"start":{"line":146,"column":12},"end":{"line":148,"column":13}},"type":"if","locations":[{"start":{"line":146,"column":12},"end":{"line":148,"column":13}},{"start":{"line":146,"column":12},"end":{"line":148,"column":13}}],"line":146},"11":{"loc":{"start":{"line":150,"column":8},"end":{"line":153,"column":9}},"type":"if","locations":[{"start":{"line":150,"column":8},"end":{"line":153,"column":9}},{"start":{"line":150,"column":8},"end":{"line":153,"column":9}}],"line":150},"12":{"loc":{"start":{"line":151,"column":12},"end":{"line":152,"column":29}},"type":"if","locations":[{"start":{"line":151,"column":12},"end":{"line":152,"column":29}},{"start":{"line":151,"column":12},"end":{"line":152,"column":29}}],"line":151}},"s":{"0":1,"1":0,"2":1,"3":0,"4":16,"5":16,"6":16,"7":16,"8":16,"9":16,"10":2,"11":2,"12":2,"13":16,"14":2,"15":2,"16":2,"17":16,"18":0,"19":0,"20":0,"21":0,"22":43,"23":6,"24":37,"25":16,"26":16,"27":1,"28":1,"29":1,"30":15,"31":15,"32":26,"33":1,"34":1,"35":1,"36":18,"37":18,"38":18,"39":18,"40":17,"41":17,"42":17,"43":17,"44":17,"45":18,"46":18,"47":1,"48":2,"49":2,"50":1,"51":2,"52":2,"53":2,"54":1,"55":2,"56":88,"57":88,"58":44,"59":7,"60":88,"61":44,"62":33,"63":88,"64":42,"65":42,"66":42,"67":1},"f":{"0":0,"1":0,"2":16,"3":2,"4":2,"5":2,"6":2,"7":0,"8":0,"9":0,"10":43,"11":16,"12":1,"13":26,"14":1,"15":18,"16":17,"17":17,"18":1,"19":2,"20":2,"21":88,"22":42},"b":{"0":[0,0],"1":[6,37],"2":[1,15],"3":[1,1],"4":[1,25],"5":[16],"6":[17,1],"7":[1,1],"8":[1,1],"9":[44,44],"10":[7,37],"11":[44,44],"12":[33,11]},"_coverageSchema":"43e27e138ebf9cfc5966b082cf9a028302ed4184","hash":"693676034f78035f25f1e35b987e2b0e3b74a7ec"}
,"/Users/mac/WorkSpace/weather-app/src/constants/navigate.js": {"path":"/Users/mac/WorkSpace/weather-app/src/constants/navigate.js","statementMap":{"0":{"start":{"line":1,"column":24},"end":{"line":4,"column":2}}},"fnMap":{},"branchMap":{},"s":{"0":1},"f":{},"b":{},"_coverageSchema":"43e27e138ebf9cfc5966b082cf9a028302ed4184","hash":"c2d2463059055827552f0b8621b91a2244f25faa"}
,"/Users/mac/WorkSpace/weather-app/src/constants/temperature.js": {"path":"/Users/mac/WorkSpace/weather-app/src/constants/temperature.js","statementMap":{"0":{"start":{"line":1,"column":31},"end":{"line":4,"column":2}},"1":{"start":{"line":6,"column":31},"end":{"line":9,"column":2}}},"fnMap":{},"branchMap":{},"s":{"0":7,"1":7},"f":{},"b":{},"_coverageSchema":"43e27e138ebf9cfc5966b082cf9a028302ed4184","hash":"277ee045cd70eb4f899b094da9cd56ba059b72cd"}
,"/Users/mac/WorkSpace/weather-app/src/reducers/initialState.js": {"path":"/Users/mac/WorkSpace/weather-app/src/reducers/initialState.js","statementMap":{},"fnMap":{},"branchMap":{},"s":{},"f":{},"b":{},"_coverageSchema":"43e27e138ebf9cfc5966b082cf9a028302ed4184","hash":"2bad40e22601d749c54de8146fe9cbfbfe706080"}
,"/Users/mac/WorkSpace/weather-app/src/reducers/loadingReducer.js": {"path":"/Users/mac/WorkSpace/weather-app/src/reducers/loadingReducer.js","statementMap":{"0":{"start":{"line":5,"column":4},"end":{"line":9,"column":5}},"1":{"start":{"line":6,"column":8},"end":{"line":6,"column":25}},"2":{"start":{"line":7,"column":11},"end":{"line":9,"column":5}},"3":{"start":{"line":8,"column":8},"end":{"line":8,"column":25}},"4":{"start":{"line":11,"column":4},"end":{"line":11,"column":17}}},"fnMap":{"0":{"name":"reducer","decl":{"start":{"line":4,"column":16},"end":{"line":4,"column":23}},"loc":{"start":{"line":4,"column":62},"end":{"line":12,"column":1}},"line":4}},"branchMap":{"0":{"loc":{"start":{"line":4,"column":24},"end":{"line":4,"column":52}},"type":"default-arg","locations":[{"start":{"line":4,"column":32},"end":{"line":4,"column":52}}],"line":4},"1":{"loc":{"start":{"line":5,"column":4},"end":{"line":9,"column":5}},"type":"if","locations":[{"start":{"line":5,"column":4},"end":{"line":9,"column":5}},{"start":{"line":5,"column":4},"end":{"line":9,"column":5}}],"line":5},"2":{"loc":{"start":{"line":7,"column":11},"end":{"line":9,"column":5}},"type":"if","locations":[{"start":{"line":7,"column":11},"end":{"line":9,"column":5}},{"start":{"line":7,"column":11},"end":{"line":9,"column":5}}],"line":7}},"s":{"0":3,"1":1,"2":2,"3":1,"4":1},"f":{"0":3},"b":{"0":[1],"1":[1,2],"2":[1,1]},"_coverageSchema":"43e27e138ebf9cfc5966b082cf9a028302ed4184","hash":"b0e1c17ae5a828582cab04de732f037407d3f9ca"}
,"/Users/mac/WorkSpace/weather-app/src/reducers/weatherReducer.js": {"path":"/Users/mac/WorkSpace/weather-app/src/reducers/weatherReducer.js","statementMap":{"0":{"start":{"line":5,"column":4},"end":{"line":21,"column":5}},"1":{"start":{"line":7,"column":12},"end":{"line":7,"column":60}},"2":{"start":{"line":11,"column":12},"end":{"line":15,"column":15}},"3":{"start":{"line":19,"column":12},"end":{"line":19,"column":25}}},"fnMap":{"0":{"name":"reducer","decl":{"start":{"line":4,"column":16},"end":{"line":4,"column":23}},"loc":{"start":{"line":4,"column":62},"end":{"line":22,"column":1}},"line":4}},"branchMap":{"0":{"loc":{"start":{"line":4,"column":24},"end":{"line":4,"column":52}},"type":"default-arg","locations":[{"start":{"line":4,"column":32},"end":{"line":4,"column":52}}],"line":4},"1":{"loc":{"start":{"line":5,"column":4},"end":{"line":21,"column":5}},"type":"switch","locations":[{"start":{"line":6,"column":8},"end":{"line":8,"column":9}},{"start":{"line":10,"column":8},"end":{"line":16,"column":9}},{"start":{"line":18,"column":8},"end":{"line":20,"column":9}}],"line":5}},"s":{"0":3,"1":1,"2":1,"3":1},"f":{"0":3},"b":{"0":[1],"1":[1,1,1]},"_coverageSchema":"43e27e138ebf9cfc5966b082cf9a028302ed4184","hash":"8a74ead62ed33486457b2d2f5ebf07d55deebe9c"}
,"/Users/mac/WorkSpace/weather-app/src/services/weatherService.js": {"path":"/Users/mac/WorkSpace/weather-app/src/services/weatherService.js","statementMap":{"0":{"start":{"line":9,"column":24},"end":{"line":13,"column":9}},"1":{"start":{"line":14,"column":8},"end":{"line":34,"column":42}},"2":{"start":{"line":15,"column":12},"end":{"line":33,"column":48}},"3":{"start":{"line":16,"column":30},"end":{"line":26,"column":23}},"4":{"start":{"line":17,"column":20},"end":{"line":25,"column":23}},"5":{"start":{"line":27,"column":16},"end":{"line":31,"column":18}},"6":{"start":{"line":32,"column":16},"end":{"line":32,"column":35}},"7":{"start":{"line":33,"column":32},"end":{"line":33,"column":44}},"8":{"start":{"line":34,"column":28},"end":{"line":34,"column":38}},"9":{"start":{"line":38,"column":25},"end":{"line":38,"column":40}},"10":{"start":{"line":39,"column":21},"end":{"line":39,"column":25}},"11":{"start":{"line":40,"column":28},"end":{"line":42,"column":10}},"12":{"start":{"line":41,"column":12},"end":{"line":41,"column":66}},"13":{"start":{"line":43,"column":26},"end":{"line":61,"column":10}},"14":{"start":{"line":44,"column":26},"end":{"line":44,"column":28}},"15":{"start":{"line":44,"column":40},"end":{"line":44,"column":42}},"16":{"start":{"line":45,"column":28},"end":{"line":45,"column":92}},"17":{"start":{"line":45,"column":48},"end":{"line":45,"column":92}},"18":{"start":{"line":46,"column":31},"end":{"line":46,"column":73}},"19":{"start":{"line":46,"column":41},"end":{"line":46,"column":73}},"20":{"start":{"line":47,"column":12},"end":{"line":50,"column":15}},"21":{"start":{"line":48,"column":16},"end":{"line":48,"column":48}},"22":{"start":{"line":49,"column":16},"end":{"line":49,"column":48}},"23":{"start":{"line":51,"column":12},"end":{"line":51,"column":43}},"24":{"start":{"line":52,"column":12},"end":{"line":52,"column":43}},"25":{"start":{"line":53,"column":12},"end":{"line":60,"column":14}},"26":{"start":{"line":62,"column":8},"end":{"line":62,"column":25}}},"fnMap":{"0":{"name":"(anonymous_0)","decl":{"start":{"line":8,"column":4},"end":{"line":8,"column":5}},"loc":{"start":{"line":8,"column":26},"end":{"line":35,"column":5}},"line":8},"1":{"name":"(anonymous_1)","decl":{"start":{"line":14,"column":27},"end":{"line":14,"column":28}},"loc":{"start":{"line":14,"column":48},"end":{"line":34,"column":9}},"line":14},"2":{"name":"(anonymous_2)","decl":{"start":{"line":15,"column":58},"end":{"line":15,"column":59}},"loc":{"start":{"line":15,"column":68},"end":{"line":33,"column":13}},"line":15},"3":{"name":"(anonymous_3)","decl":{"start":{"line":16,"column":56},"end":{"line":16,"column":57}},"loc":{"start":{"line":16,"column":66},"end":{"line":26,"column":17}},"line":16},"4":{"name":"(anonymous_4)","decl":{"start":{"line":33,"column":21},"end":{"line":33,"column":22}},"loc":{"start":{"line":33,"column":30},"end":{"line":33,"column":46}},"line":33},"5":{"name":"(anonymous_5)","decl":{"start":{"line":34,"column":17},"end":{"line":34,"column":18}},"loc":{"start":{"line":34,"column":26},"end":{"line":34,"column":40}},"line":34},"6":{"name":"(anonymous_6)","decl":{"start":{"line":37,"column":4},"end":{"line":37,"column":5}},"loc":{"start":{"line":37,"column":42},"end":{"line":63,"column":5}},"line":37},"7":{"name":"(anonymous_7)","decl":{"start":{"line":40,"column":44},"end":{"line":40,"column":45}},"loc":{"start":{"line":40,"column":57},"end":{"line":42,"column":9}},"line":40},"8":{"name":"(anonymous_8)","decl":{"start":{"line":43,"column":57},"end":{"line":43,"column":58}},"loc":{"start":{"line":43,"column":74},"end":{"line":61,"column":9}},"line":43},"9":{"name":"(anonymous_9)","decl":{"start":{"line":45,"column":28},"end":{"line":45,"column":29}},"loc":{"start":{"line":45,"column":48},"end":{"line":45,"column":92}},"line":45},"10":{"name":"(anonymous_10)","decl":{"start":{"line":46,"column":31},"end":{"line":46,"column":32}},"loc":{"start":{"line":46,"column":41},"end":{"line":46,"column":73}},"line":46},"11":{"name":"(anonymous_11)","decl":{"start":{"line":47,"column":21},"end":{"line":47,"column":22}},"loc":{"start":{"line":47,"column":30},"end":{"line":50,"column":13}},"line":47}},"branchMap":{"0":{"loc":{"start":{"line":16,"column":30},"end":{"line":26,"column":23}},"type":"cond-expr","locations":[{"start":{"line":16,"column":42},"end":{"line":26,"column":18}},{"start":{"line":26,"column":21},"end":{"line":26,"column":23}}],"line":16},"1":{"loc":{"start":{"line":38,"column":25},"end":{"line":38,"column":40}},"type":"binary-expr","locations":[{"start":{"line":38,"column":25},"end":{"line":38,"column":34}},{"start":{"line":38,"column":38},"end":{"line":38,"column":40}}],"line":38}},"s":{"0":4,"1":4,"2":4,"3":2,"4":2,"5":2,"6":2,"7":2,"8":2,"9":4,"10":4,"11":4,"12":4,"13":4,"14":4,"15":4,"16":4,"17":4,"18":4,"19":4,"20":4,"21":4,"22":4,"23":4,"24":4,"25":4,"26":4},"f":{"0":4,"1":4,"2":2,"3":2,"4":2,"5":2,"6":4,"7":4,"8":4,"9":4,"10":4,"11":4},"b":{"0":[2,0],"1":[4,0]},"_coverageSchema":"43e27e138ebf9cfc5966b082cf9a028302ed4184","hash":"5341076bb31e631702ef786a9c5e8b231b7e225f"}
,"/Users/mac/WorkSpace/weather-app/src/test/utils/mockStore.js": {"path":"/Users/mac/WorkSpace/weather-app/src/test/utils/mockStore.js","statementMap":{"0":{"start":{"line":4,"column":25},"end":{"line":4,"column":52}}},"fnMap":{},"branchMap":{},"s":{"0":1},"f":{},"b":{},"_coverageSchema":"43e27e138ebf9cfc5966b082cf9a028302ed4184","hash":"4931fe37449c0c1f7cd51bbfdd1113a30de199a4"}
,"/Users/mac/WorkSpace/weather-app/src/utils/tempTransformer.js": {"path":"/Users/mac/WorkSpace/weather-app/src/utils/tempTransformer.js","statementMap":{"0":{"start":{"line":4,"column":8},"end":{"line":4,"column":41}},"1":{"start":{"line":8,"column":8},"end":{"line":8,"column":38}}},"fnMap":{"0":{"name":"(anonymous_0)","decl":{"start":{"line":3,"column":4},"end":{"line":3,"column":5}},"loc":{"start":{"line":3,"column":35},"end":{"line":5,"column":5}},"line":3},"1":{"name":"(anonymous_1)","decl":{"start":{"line":7,"column":4},"end":{"line":7,"column":5}},"loc":{"start":{"line":7,"column":31},"end":{"line":9,"column":5}},"line":7}},"branchMap":{},"s":{"0":11,"1":5},"f":{"0":11,"1":5},"b":{},"_coverageSchema":"43e27e138ebf9cfc5966b082cf9a028302ed4184","hash":"6e35548d9b6bd639003ee3ce5818d6934b756f53"}
}
