TN:
SF:/Users/mac/WorkSpace/weather-app/src/actions/actionTypes.js
FNF:0
FNH:0
DA:1,6
DA:2,6
DA:3,6
DA:4,6
LF:4
LH:4
BRF:0
BRH:0
end_of_record
TN:
SF:/Users/mac/WorkSpace/weather-app/src/actions/loadingActions.js
FN:3,(anonymous_0)
FN:7,(anonymous_1)
FNF:2
FNH:2
FNDA:3,(anonymous_0)
FNDA:2,(anonymous_1)
DA:3,4
DA:4,3
DA:7,4
DA:8,2
LF:4
LH:4
BRDA:7,0,0,1
BRF:1
BRH:1
end_of_record
TN:
SF:/Users/mac/WorkSpace/weather-app/src/actions/weatherActions.js
FN:5,loadWeather
FN:6,(anonymous_1)
FN:8,(anonymous_2)
FN:10,(anonymous_3)
FN:16,loadWeatherSuccess
FN:20,changeWeather
FNF:6
FNH:6
FNDA:2,loadWeather
FNDA:2,(anonymous_1)
FNDA:1,(anonymous_2)
FNDA:1,(anonymous_3)
FNDA:2,loadWeatherSuccess
FNDA:1,changeWeather
DA:6,2
DA:7,2
DA:8,2
DA:9,1
DA:11,1
DA:17,2
DA:21,1
LF:7
LH:7
BRF:0
BRH:0
end_of_record
TN:
SF:/Users/mac/WorkSpace/weather-app/src/api/weatherApi.js
FN:4,(anonymous_0)
FN:5,(anonymous_1)
FN:7,(anonymous_2)
FN:8,(anonymous_3)
FN:9,(anonymous_4)
FN:10,(anonymous_5)
FNF:6
FNH:6
FNDA:2,(anonymous_0)
FNDA:2,(anonymous_1)
FNDA:2,(anonymous_2)
FNDA:1,(anonymous_3)
FNDA:1,(anonymous_4)
FNDA:1,(anonymous_5)
DA:1,5
DA:5,2
DA:6,2
DA:7,2
DA:8,1
DA:9,1
DA:10,1
LF:7
LH:7
BRF:0
BRH:0
end_of_record
TN:
SF:/Users/mac/WorkSpace/weather-app/src/components/common/BarChart.jsx
FN:8,(anonymous_0)
FN:13,(anonymous_1)
FNF:2
FNH:2
FNDA:1,(anonymous_0)
FNDA:1,(anonymous_1)
DA:9,1
DA:14,1
DA:36,1
DA:45,2
LF:4
LH:4
BRDA:16,0,0,1
BRDA:16,0,1,0
BRDA:24,1,0,1
BRDA:24,1,1,0
BRF:4
BRH:2
end_of_record
TN:
SF:/Users/mac/WorkSpace/weather-app/src/components/common/LeftArrow.jsx
FN:6,(anonymous_0)
FN:10,(anonymous_1)
FNF:2
FNH:2
FNDA:6,(anonymous_0)
FNDA:6,(anonymous_1)
DA:7,6
DA:11,6
DA:12,6
DA:13,6
DA:15,6
DA:23,3
LF:6
LH:6
BRDA:11,0,0,6
BRDA:11,0,1,5
BRDA:12,1,0,2
BRDA:12,1,1,4
BRDA:12,2,0,6
BRDA:12,2,1,4
BRDA:13,3,0,6
BRDA:13,3,1,5
BRF:8
BRH:8
end_of_record
TN:
SF:/Users/mac/WorkSpace/weather-app/src/components/common/Loading.jsx
FN:6,(anonymous_0)
FN:16,(anonymous_1)
FN:20,(anonymous_2)
FN:24,(anonymous_3)
FN:36,(anonymous_4)
FN:45,(anonymous_5)
FN:50,(anonymous_6)
FNF:7
FNH:7
FNDA:8,(anonymous_0)
FNDA:8,(anonymous_1)
FNDA:1,(anonymous_2)
FNDA:2,(anonymous_3)
FNDA:12,(anonymous_4)
FNDA:12,(anonymous_5)
FNDA:15,(anonymous_6)
DA:7,8
DA:9,8
DA:10,8
DA:11,8
DA:17,8
DA:21,1
DA:25,2
DA:26,2
DA:27,2
DA:28,1
DA:30,2
DA:37,12
DA:42,12
DA:46,12
DA:47,12
DA:51,15
DA:52,15
DA:58,2
LF:18
LH:18
BRDA:25,0,0,2
BRDA:25,0,1,0
BRDA:27,1,0,1
BRDA:27,1,1,1
BRDA:42,2,0,12
BRDA:42,2,1,1
BRDA:53,3,0,15
BRDA:53,3,1,12
BRF:8
BRH:7
end_of_record
TN:
SF:/Users/mac/WorkSpace/weather-app/src/components/common/RightArrow.jsx
FN:7,(anonymous_0)
FN:11,(anonymous_1)
FNF:2
FNH:2
FNDA:6,(anonymous_0)
FNDA:6,(anonymous_1)
DA:8,6
DA:12,6
DA:13,6
DA:14,6
DA:15,6
DA:23,3
LF:6
LH:6
BRDA:12,0,0,6
BRDA:12,0,1,5
BRDA:13,1,0,2
BRDA:13,1,1,4
BRDA:13,2,0,6
BRDA:13,2,1,4
BRDA:14,3,0,6
BRDA:14,3,1,5
BRF:8
BRH:8
end_of_record
TN:
SF:/Users/mac/WorkSpace/weather-app/src/components/loading/LoadingScreen.jsx
FN:11,(anonymous_0)
FN:17,(anonymous_1)
FN:25,(anonymous_2)
FN:29,(anonymous_3)
FN:30,(anonymous_4)
FN:35,(anonymous_5)
FN:39,(anonymous_6)
FNF:7
FNH:5
FNDA:0,(anonymous_0)
FNDA:0,(anonymous_1)
FNDA:2,(anonymous_2)
FNDA:2,(anonymous_3)
FNDA:2,(anonymous_4)
FNDA:2,(anonymous_5)
FNDA:2,(anonymous_6)
DA:11,1
DA:12,0
DA:17,1
DA:18,0
DA:26,2
DA:30,2
DA:31,2
DA:36,2
DA:40,2
DA:56,1
LF:10
LH:8
BRDA:49,0,0,2
BRDA:49,0,1,0
BRDA:49,0,2,2
BRF:3
BRH:2
end_of_record
TN:
SF:/Users/mac/WorkSpace/weather-app/src/components/weather/TempSwitch.jsx
FN:11,(anonymous_0)
FN:15,(anonymous_1)
FNF:2
FNH:2
FNDA:2,(anonymous_0)
FNDA:2,(anonymous_1)
DA:12,2
DA:16,2
DA:50,2
LF:3
LH:3
BRF:0
BRH:0
end_of_record
TN:
SF:/Users/mac/WorkSpace/weather-app/src/components/weather/WeatherCard.jsx
FN:10,(anonymous_0)
FN:24,WeatherCard
FNF:2
FNH:2
FNDA:1,(anonymous_0)
FNDA:2,WeatherCard
DA:10,4
DA:25,2
DA:26,2
DA:27,2
DA:47,4
LF:5
LH:5
BRDA:31,0,0,2
BRDA:31,0,1,1
BRF:2
BRH:2
end_of_record
TN:
SF:/Users/mac/WorkSpace/weather-app/src/components/weather/WeatherCardList.jsx
FN:5,(anonymous_0)
FN:18,(anonymous_1)
FNF:2
FNH:2
FNDA:2,(anonymous_0)
FNDA:6,(anonymous_1)
DA:5,3
DA:6,2
DA:7,2
DA:8,2
DA:9,2
DA:10,8
DA:11,2
DA:13,6
DA:14,6
DA:16,2
DA:19,6
DA:32,3
LF:12
LH:12
BRDA:10,0,0,2
BRDA:10,0,1,6
BRF:2
BRH:2
end_of_record
TN:
SF:/Users/mac/WorkSpace/weather-app/src/components/weather/WeatherInfo.jsx
FN:9,(anonymous_0)
FN:13,(anonymous_1)
FNF:2
FNH:2
FNDA:4,(anonymous_0)
FNDA:4,(anonymous_1)
DA:10,4
DA:14,4
DA:43,2
LF:3
LH:3
BRDA:21,0,0,1
BRDA:21,0,1,3
BRDA:28,1,0,3
BRDA:28,1,1,1
BRF:4
BRH:4
end_of_record
TN:
SF:/Users/mac/WorkSpace/weather-app/src/components/weather/WeatherScreen.jsx
FN:13,(anonymous_0)
FN:22,(anonymous_1)
FN:30,(anonymous_2)
FN:50,(anonymous_3)
FN:50,(anonymous_4)
FN:55,(anonymous_5)
FN:55,(anonymous_6)
FN:60,(anonymous_7)
FN:60,(anonymous_8)
FN:61,(anonymous_9)
FN:66,(anonymous_10)
FN:75,(anonymous_11)
FN:79,(anonymous_12)
FN:89,(anonymous_13)
FN:91,(anonymous_14)
FN:96,(anonymous_15)
FN:99,(anonymous_16)
FN:100,(anonymous_17)
FN:119,(anonymous_18)
FN:123,(anonymous_19)
FN:133,(anonymous_20)
FN:143,(anonymous_21)
FN:157,(anonymous_22)
FNF:23
FNH:18
FNDA:0,(anonymous_0)
FNDA:0,(anonymous_1)
FNDA:16,(anonymous_2)
FNDA:2,(anonymous_3)
FNDA:2,(anonymous_4)
FNDA:2,(anonymous_5)
FNDA:2,(anonymous_6)
FNDA:0,(anonymous_7)
FNDA:0,(anonymous_8)
FNDA:0,(anonymous_9)
FNDA:43,(anonymous_10)
FNDA:16,(anonymous_11)
FNDA:1,(anonymous_12)
FNDA:26,(anonymous_13)
FNDA:1,(anonymous_14)
FNDA:18,(anonymous_15)
FNDA:17,(anonymous_16)
FNDA:17,(anonymous_17)
FNDA:1,(anonymous_18)
FNDA:2,(anonymous_19)
FNDA:2,(anonymous_20)
FNDA:88,(anonymous_21)
FNDA:42,(anonymous_22)
DA:13,1
DA:14,0
DA:22,1
DA:23,0
DA:31,16
DA:33,16
DA:46,16
DA:47,16
DA:48,16
DA:50,16
DA:51,2
DA:52,2
DA:55,16
DA:56,2
DA:57,2
DA:60,16
DA:61,0
DA:62,0
DA:67,43
DA:68,6
DA:72,37
DA:76,16
DA:77,16
DA:78,1
DA:80,1
DA:81,1
DA:84,15
DA:85,15
DA:90,26
DA:91,1
DA:92,1
DA:97,18
DA:98,18
DA:99,17
DA:100,17
DA:101,17
DA:102,17
DA:105,18
DA:109,18
DA:120,1
DA:124,2
DA:125,2
DA:126,1
DA:128,2
DA:134,2
DA:135,2
DA:136,1
DA:138,2
DA:144,88
DA:145,88
DA:146,44
DA:147,7
DA:150,88
DA:151,44
DA:152,33
DA:154,88
DA:159,42
DA:160,42
DA:162,42
DA:195,1
LF:60
LH:56
BRDA:16,0,0,0
BRDA:16,0,1,0
BRDA:67,1,0,6
BRDA:67,1,1,37
BRDA:77,2,0,1
BRDA:77,2,1,15
BRDA:80,3,0,1
BRDA:80,3,1,1
BRDA:90,4,0,1
BRDA:90,4,1,25
BRDA:96,5,0,16
BRDA:98,6,0,17
BRDA:98,6,1,1
BRDA:125,7,0,1
BRDA:125,7,1,1
BRDA:135,8,0,1
BRDA:135,8,1,1
BRDA:145,9,0,44
BRDA:145,9,1,44
BRDA:146,10,0,7
BRDA:146,10,1,37
BRDA:150,11,0,44
BRDA:150,11,1,44
BRDA:151,12,0,33
BRDA:151,12,1,11
BRF:25
BRH:23
end_of_record
TN:
SF:/Users/mac/WorkSpace/weather-app/src/constants/navigate.js
FNF:0
FNH:0
DA:1,1
LF:1
LH:1
BRF:0
BRH:0
end_of_record
TN:
SF:/Users/mac/WorkSpace/weather-app/src/constants/temperature.js
FNF:0
FNH:0
DA:1,7
DA:6,7
LF:2
LH:2
BRF:0
BRH:0
end_of_record
TN:
SF:/Users/mac/WorkSpace/weather-app/src/reducers/initialState.js
FNF:0
FNH:0
LF:0
LH:0
BRF:0
BRH:0
end_of_record
TN:
SF:/Users/mac/WorkSpace/weather-app/src/reducers/loadingReducer.js
FN:4,reducer
FNF:1
FNH:1
FNDA:3,reducer
DA:5,3
DA:6,1
DA:7,2
DA:8,1
DA:11,1
LF:5
LH:5
BRDA:4,0,0,1
BRDA:5,1,0,1
BRDA:5,1,1,2
BRDA:7,2,0,1
BRDA:7,2,1,1
BRF:5
BRH:5
end_of_record
TN:
SF:/Users/mac/WorkSpace/weather-app/src/reducers/weatherReducer.js
FN:4,reducer
FNF:1
FNH:1
FNDA:3,reducer
DA:5,3
DA:7,1
DA:11,1
DA:19,1
LF:4
LH:4
BRDA:4,0,0,1
BRDA:5,1,0,1
BRDA:5,1,1,1
BRDA:5,1,2,1
BRF:4
BRH:4
end_of_record
TN:
SF:/Users/mac/WorkSpace/weather-app/src/services/weatherService.js
FN:8,(anonymous_0)
FN:14,(anonymous_1)
FN:15,(anonymous_2)
FN:16,(anonymous_3)
FN:33,(anonymous_4)
FN:34,(anonymous_5)
FN:37,(anonymous_6)
FN:40,(anonymous_7)
FN:43,(anonymous_8)
FN:45,(anonymous_9)
FN:46,(anonymous_10)
FN:47,(anonymous_11)
FNF:12
FNH:12
FNDA:4,(anonymous_0)
FNDA:4,(anonymous_1)
FNDA:2,(anonymous_2)
FNDA:2,(anonymous_3)
FNDA:2,(anonymous_4)
FNDA:2,(anonymous_5)
FNDA:4,(anonymous_6)
FNDA:4,(anonymous_7)
FNDA:4,(anonymous_8)
FNDA:4,(anonymous_9)
FNDA:4,(anonymous_10)
FNDA:4,(anonymous_11)
DA:9,4
DA:14,4
DA:15,4
DA:16,2
DA:17,2
DA:27,2
DA:32,2
DA:33,2
DA:34,2
DA:38,4
DA:39,4
DA:40,4
DA:41,4
DA:43,4
DA:44,4
DA:45,4
DA:46,4
DA:47,4
DA:48,4
DA:49,4
DA:51,4
DA:52,4
DA:53,4
DA:62,4
LF:24
LH:24
BRDA:16,0,0,2
BRDA:16,0,1,0
BRDA:38,1,0,4
BRDA:38,1,1,0
BRF:4
BRH:2
end_of_record
TN:
SF:/Users/mac/WorkSpace/weather-app/src/test/utils/mockStore.js
FNF:0
FNH:0
DA:4,1
LF:1
LH:1
BRF:0
BRH:0
end_of_record
TN:
SF:/Users/mac/WorkSpace/weather-app/src/utils/tempTransformer.js
FN:3,(anonymous_0)
FN:7,(anonymous_1)
FNF:2
FNH:2
FNDA:11,(anonymous_0)
FNDA:5,(anonymous_1)
DA:4,11
DA:8,5
LF:2
LH:2
BRF:0
BRH:0
end_of_record
